<?xml version="1.0" encoding="UTF-8"?>
<testsuite name="JUnit Jupiter" tests="6" skipped="0" failures="0" errors="0" time="1.039" hostname="travis-job-zuinnote-hadoopcryptole-342079336.travisci.net" timestamp="2018-02-16T18:34:32">
<properties>
[...]
</properties>
<testcase name="initializePositive()" classname="org.zuinnote.hadoop.bitcoin.hive.serde.BitcoinHiveSerdeTest" time="0.844">
<system-out><![CDATA[
unique-id: [engine:junit-jupiter]/[class:org.zuinnote.hadoop.bitcoin.hive.serde.BitcoinHiveSerdeTest]/[method:initializePositive()]
display-name: initializePositive()
]]></system-out>
</testcase>
<testcase name="checkTestDataGenesisBlockAvailable()" classname="org.zuinnote.hadoop.bitcoin.hive.serde.BitcoinHiveSerdeTest" time="0.007">
<system-out><![CDATA[
unique-id: [engine:junit-jupiter]/[class:org.zuinnote.hadoop.bitcoin.hive.serde.BitcoinHiveSerdeTest]/[method:checkTestDataGenesisBlockAvailable()]
display-name: checkTestDataGenesisBlockAvailable()
]]></system-out>
</testcase>
<testcase name="deserialize()" classname="org.zuinnote.hadoop.bitcoin.hive.serde.BitcoinHiveSerdeTest" time="0.011">
<system-out><![CDATA[
unique-id: [engine:junit-jupiter]/[class:org.zuinnote.hadoop.bitcoin.hive.serde.BitcoinHiveSerdeTest]/[method:deserialize()]
display-name: deserialize()
]]></system-out>
</testcase>
<testcase name="checkTestDataBlock1346406Available()" classname="org.zuinnote.hadoop.ethereum.hive.serde.EthereumHiveSerdeTest" time="0.003">
<system-out><![CDATA[
unique-id: [engine:junit-jupiter]/[class:org.zuinnote.hadoop.ethereum.hive.serde.EthereumHiveSerdeTest]/[method:checkTestDataBlock1346406Available()]
display-name: checkTestDataBlock1346406Available()
]]></system-out>
</testcase>
<testcase name="initializePositive()" classname="org.zuinnote.hadoop.ethereum.hive.serde.EthereumHiveSerdeTest" time="0.074">
<system-out><![CDATA[
unique-id: [engine:junit-jupiter]/[class:org.zuinnote.hadoop.ethereum.hive.serde.EthereumHiveSerdeTest]/[method:initializePositive()]
display-name: initializePositive()
]]></system-out>
</testcase>
<testcase name="deserialize()" classname="org.zuinnote.hadoop.ethereum.hive.serde.EthereumHiveSerdeTest" time="0.027">
<system-out><![CDATA[
unique-id: [engine:junit-jupiter]/[class:org.zuinnote.hadoop.ethereum.hive.serde.EthereumHiveSerdeTest]/[method:deserialize()]
display-name: deserialize()
]]></system-out>
</testcase>
<system-out><![CDATA[
unique-id: [engine:junit-jupiter]
display-name: JUnit Jupiter
]]></system-out>
</testsuite>
