<?xml version="1.0" encoding="UTF-8"?>
<testsuite name="JUnit Jupiter" tests="19" skipped="0" failures="0" errors="0" time="0.488" hostname="travis-job-zuinnote-hadoopcryptole-341106249.travisci.net" timestamp="2018-02-13T19:47:28">
<properties>
[...]
</properties>
<testcase name="checkTestDataVersion3BlockAvailable()" classname="org.zuinnote.flink.bitcoin.FlinkBitcoinDataSourceTest" time="0.022">
<system-out><![CDATA[
unique-id: [engine:junit-jupiter]/[class:org.zuinnote.flink.bitcoin.FlinkBitcoinDataSourceTest]/[method:checkTestDataVersion3BlockAvailable()]
display-name: checkTestDataVersion3BlockAvailable()
]]></system-out>
</testcase>
<testcase name="restoreStateBitcoinBlock()" classname="org.zuinnote.flink.bitcoin.FlinkBitcoinDataSourceTest" time="0.22">
<system-out><![CDATA[
unique-id: [engine:junit-jupiter]/[class:org.zuinnote.flink.bitcoin.FlinkBitcoinDataSourceTest]/[method:restoreStateBitcoinBlock()]
display-name: restoreStateBitcoinBlock()
]]></system-out>
</testcase>
<testcase name="restoreStateBitcoinRawBlock()" classname="org.zuinnote.flink.bitcoin.FlinkBitcoinDataSourceTest" time="0.048">
<system-out><![CDATA[
unique-id: [engine:junit-jupiter]/[class:org.zuinnote.flink.bitcoin.FlinkBitcoinDataSourceTest]/[method:restoreStateBitcoinRawBlock()]
display-name: restoreStateBitcoinRawBlock()
]]></system-out>
</testcase>
<testcase name="parseBitcoinBlockGenesis()" classname="org.zuinnote.flink.bitcoin.FlinkBitcoinDataSourceTest" time="0.001">
<system-out><![CDATA[
unique-id: [engine:junit-jupiter]/[class:org.zuinnote.flink.bitcoin.FlinkBitcoinDataSourceTest]/[method:parseBitcoinBlockGenesis()]
display-name: parseBitcoinBlockGenesis()
]]></system-out>
</testcase>
<testcase name="checkTestDataVersion1BlockAvailable()" classname="org.zuinnote.flink.bitcoin.FlinkBitcoinDataSourceTest" time="0">
<system-out><![CDATA[
unique-id: [engine:junit-jupiter]/[class:org.zuinnote.flink.bitcoin.FlinkBitcoinDataSourceTest]/[method:checkTestDataVersion1BlockAvailable()]
display-name: checkTestDataVersion1BlockAvailable()
]]></system-out>
</testcase>
<testcase name="checkTestDataVersion4BlockAvailable()" classname="org.zuinnote.flink.bitcoin.FlinkBitcoinDataSourceTest" time="0.001">
<system-out><![CDATA[
unique-id: [engine:junit-jupiter]/[class:org.zuinnote.flink.bitcoin.FlinkBitcoinDataSourceTest]/[method:checkTestDataVersion4BlockAvailable()]
display-name: checkTestDataVersion4BlockAvailable()
]]></system-out>
</testcase>
<testcase name="parseBitcoinTransaction()" classname="org.zuinnote.flink.bitcoin.FlinkBitcoinDataSourceTest" time="0.004">
<system-out><![CDATA[
unique-id: [engine:junit-jupiter]/[class:org.zuinnote.flink.bitcoin.FlinkBitcoinDataSourceTest]/[method:parseBitcoinTransaction()]
display-name: parseBitcoinTransaction()
]]></system-out>
</testcase>
<testcase name="checkTestDataVersion2BlockAvailable()" classname="org.zuinnote.flink.bitcoin.FlinkBitcoinDataSourceTest" time="0">
<system-out><![CDATA[
unique-id: [engine:junit-jupiter]/[class:org.zuinnote.flink.bitcoin.FlinkBitcoinDataSourceTest]/[method:checkTestDataVersion2BlockAvailable()]
display-name: checkTestDataVersion2BlockAvailable()
]]></system-out>
</testcase>
<testcase name="checkTestDataMultiBlockAvailable()" classname="org.zuinnote.flink.bitcoin.FlinkBitcoinDataSourceTest" time="0">
<system-out><![CDATA[
unique-id: [engine:junit-jupiter]/[class:org.zuinnote.flink.bitcoin.FlinkBitcoinDataSourceTest]/[method:checkTestDataMultiBlockAvailable()]
display-name: checkTestDataMultiBlockAvailable()
]]></system-out>
</testcase>
<testcase name="checkTestDataGenesisBlockAvailable()" classname="org.zuinnote.flink.bitcoin.FlinkBitcoinDataSourceTest" time="0.001">
<system-out><![CDATA[
unique-id: [engine:junit-jupiter]/[class:org.zuinnote.flink.bitcoin.FlinkBitcoinDataSourceTest]/[method:checkTestDataGenesisBlockAvailable()]
display-name: checkTestDataGenesisBlockAvailable()
]]></system-out>
</testcase>
<testcase name="restoreStateBitcoinTransaction()" classname="org.zuinnote.flink.bitcoin.FlinkBitcoinDataSourceTest" time="0.05">
<system-out><![CDATA[
unique-id: [engine:junit-jupiter]/[class:org.zuinnote.flink.bitcoin.FlinkBitcoinDataSourceTest]/[method:restoreStateBitcoinTransaction()]
display-name: restoreStateBitcoinTransaction()
]]></system-out>
</testcase>
<testcase name="parseBitcoinRawBlock()" classname="org.zuinnote.flink.bitcoin.FlinkBitcoinDataSourceTest" time="0.003">
<system-out><![CDATA[
unique-id: [engine:junit-jupiter]/[class:org.zuinnote.flink.bitcoin.FlinkBitcoinDataSourceTest]/[method:parseBitcoinRawBlock()]
display-name: parseBitcoinRawBlock()
]]></system-out>
</testcase>
<testcase name="restoreStateBitcoinRawBlock()" classname="org.zuinnote.flink.ethereum.FlinkEthereumDataSourceTest" time="0.024">
<system-out><![CDATA[
unique-id: [engine:junit-jupiter]/[class:org.zuinnote.flink.ethereum.FlinkEthereumDataSourceTest]/[method:restoreStateBitcoinRawBlock()]
display-name: restoreStateBitcoinRawBlock()
]]></system-out>
</testcase>
<testcase name="checkTestDataBlock1346406Available()" classname="org.zuinnote.flink.ethereum.FlinkEthereumDataSourceTest" time="0">
<system-out><![CDATA[
unique-id: [engine:junit-jupiter]/[class:org.zuinnote.flink.ethereum.FlinkEthereumDataSourceTest]/[method:checkTestDataBlock1346406Available()]
display-name: checkTestDataBlock1346406Available()
]]></system-out>
</testcase>
<testcase name="parseEthereumBlock1346406()" classname="org.zuinnote.flink.ethereum.FlinkEthereumDataSourceTest" time="0.008">
<system-out><![CDATA[
unique-id: [engine:junit-jupiter]/[class:org.zuinnote.flink.ethereum.FlinkEthereumDataSourceTest]/[method:parseEthereumBlock1346406()]
display-name: parseEthereumBlock1346406()
]]></system-out>
</testcase>
<testcase name="checkTestDataBlock0to10Available()" classname="org.zuinnote.flink.ethereum.FlinkEthereumDataSourceTest" time="0.001">
<system-out><![CDATA[
unique-id: [engine:junit-jupiter]/[class:org.zuinnote.flink.ethereum.FlinkEthereumDataSourceTest]/[method:checkTestDataBlock0to10Available()]
display-name: checkTestDataBlock0to10Available()
]]></system-out>
</testcase>
<testcase name="checkTestDataBlock3346406Available()" classname="org.zuinnote.flink.ethereum.FlinkEthereumDataSourceTest" time="0">
<system-out><![CDATA[
unique-id: [engine:junit-jupiter]/[class:org.zuinnote.flink.ethereum.FlinkEthereumDataSourceTest]/[method:checkTestDataBlock3346406Available()]
display-name: checkTestDataBlock3346406Available()
]]></system-out>
</testcase>
<testcase name="parseEthereumRawBlock()" classname="org.zuinnote.flink.ethereum.FlinkEthereumDataSourceTest" time="0.004">
<system-out><![CDATA[
unique-id: [engine:junit-jupiter]/[class:org.zuinnote.flink.ethereum.FlinkEthereumDataSourceTest]/[method:parseEthereumRawBlock()]
display-name: parseEthereumRawBlock()
]]></system-out>
</testcase>
<testcase name="restoreStateEthereumBlock()" classname="org.zuinnote.flink.ethereum.FlinkEthereumDataSourceTest" time="0.026">
<system-out><![CDATA[
unique-id: [engine:junit-jupiter]/[class:org.zuinnote.flink.ethereum.FlinkEthereumDataSourceTest]/[method:restoreStateEthereumBlock()]
display-name: restoreStateEthereumBlock()
]]></system-out>
</testcase>
<system-out><![CDATA[
unique-id: [engine:junit-jupiter]
display-name: JUnit Jupiter
]]></system-out>
</testsuite>
